{"/Users/wanbenyu/Workspace/Node/LearnNode/lesson6/site/lesson6.js":{"path":"/Users/wanbenyu/Workspace/Node/LearnNode/lesson6/site/lesson6.js","s":{"1":1,"2":182,"3":1,"4":181,"5":1,"6":180,"7":1,"8":179,"9":35,"10":144,"11":56,"12":88,"13":1,"14":1,"15":0,"16":0},"b":{"1":[1,181],"2":[1,180],"3":[1,179],"4":[35,144],"5":[56,88],"6":[0,1]},"f":{"1":182},"fnMap":{"1":{"name":"(anonymous_1)","line":1,"loc":{"start":{"line":1,"column":16},"end":{"line":1,"column":28}}}},"statementMap":{"1":{"start":{"line":1,"column":0},"end":{"line":9,"column":2}},"2":{"start":{"line":2,"column":4},"end":{"line":2,"column":70}},"3":{"start":{"line":2,"column":30},"end":{"line":2,"column":70}},"4":{"start":{"line":3,"column":4},"end":{"line":3,"column":47}},"5":{"start":{"line":3,"column":14},"end":{"line":3,"column":47}},"6":{"start":{"line":4,"column":4},"end":{"line":4,"column":49}},"7":{"start":{"line":4,"column":15},"end":{"line":4,"column":49}},"8":{"start":{"line":6,"column":4},"end":{"line":6,"column":25}},"9":{"start":{"line":6,"column":16},"end":{"line":6,"column":25}},"10":{"start":{"line":7,"column":4},"end":{"line":7,"column":25}},"11":{"start":{"line":7,"column":16},"end":{"line":7,"column":25}},"12":{"start":{"line":8,"column":4},"end":{"line":8,"column":43}},"13":{"start":{"line":10,"column":0},"end":{"line":10,"column":30}},"14":{"start":{"line":12,"column":0},"end":{"line":15,"column":1}},"15":{"start":{"line":13,"column":4},"end":{"line":13,"column":36}},"16":{"start":{"line":14,"column":4},"end":{"line":14,"column":57}}},"branchMap":{"1":{"line":2,"type":"if","locations":[{"start":{"line":2,"column":4},"end":{"line":2,"column":4}},{"start":{"line":2,"column":4},"end":{"line":2,"column":4}}]},"2":{"line":3,"type":"if","locations":[{"start":{"line":3,"column":4},"end":{"line":3,"column":4}},{"start":{"line":3,"column":4},"end":{"line":3,"column":4}}]},"3":{"line":4,"type":"if","locations":[{"start":{"line":4,"column":4},"end":{"line":4,"column":4}},{"start":{"line":4,"column":4},"end":{"line":4,"column":4}}]},"4":{"line":6,"type":"if","locations":[{"start":{"line":6,"column":4},"end":{"line":6,"column":4}},{"start":{"line":6,"column":4},"end":{"line":6,"column":4}}]},"5":{"line":7,"type":"if","locations":[{"start":{"line":7,"column":4},"end":{"line":7,"column":4}},{"start":{"line":7,"column":4},"end":{"line":7,"column":4}}]},"6":{"line":12,"type":"if","locations":[{"start":{"line":12,"column":0},"end":{"line":12,"column":0}},{"start":{"line":12,"column":0},"end":{"line":12,"column":0}}]}}}}